<?xml version="1.0" encoding="UTF-8"?>
<!-- Generated by org.testng.reporters.JUnitXMLReporter -->
<testsuite ignored="0" hostname="LAPTOP-7VN01D7S" failures="0" tests="8" name="Surefire test" time="0.058" errors="0" timestamp="2021-06-06T20:17:49 IST">
  <testcase classname="Test.Mavenjava.AppiumTest" name="IOSApp" time="0.006"/>
  <testcase classname="Test.Mavenjava.AppiumTest" name="NativeApp" time="0.0"/>
  <testcase classname="Test.Mavenjava.DemoTest" name="Method1" time="0.0"/>
  <testcase classname="Test.Mavenjava.DemoTest" name="Method2" time="0.0"/>
  <testcase classname="Test.Mavenjava.RestAPITest" name="deleteTwitter" time="0.0"/>
  <testcase classname="Test.Mavenjava.RestAPITest" name="postJIRA" time="0.001"/>
  <testcase classname="Test.Mavenjava.SeleniumTest" name="Browserauto" time="0.001"/>
  <testcase classname="Test.Mavenjava.SeleniumTest" name="elementsUI" time="0.0"/>
</testsuite> <!-- Surefire test -->
