<?xml version="1.0" encoding="UTF-8"?>
<!-- Generated by org.testng.reporters.JUnitXMLReporter -->
<testsuite ignored="0" hostname="LAPTOP-7VN01D7S" failures="0" tests="6" name="Test" time="0.037" errors="0" timestamp="06 Jun 2021 15:11:39 GMT">
  <testcase classname="Test.Mavenjava.SeleniumTest" name="Browserauto" time="0.007"/>
  <testcase classname="Test.Mavenjava.SeleniumTest" name="elementsUI" time="0.0"/>
  <testcase classname="Test.Mavenjava.RestAPITest" name="deleteTwitter" time="0.0"/>
  <testcase classname="Test.Mavenjava.RestAPITest" name="postJIRA" time="0.0"/>
  <testcase classname="Test.Mavenjava.AppiumTest" name="IOSApp" time="0.0"/>
  <testcase classname="Test.Mavenjava.AppiumTest" name="NativeApp" time="0.001"/>
</testsuite> <!-- Test -->
