<?xml version="1.0" encoding="UTF-8"?>
<testng-results ignored="0" total="2" passed="2" failed="0" skipped="0">
  <reporter-output>
  </reporter-output>
  <suite started-at="2021-06-03T03:48:48Z" name="Default suite" finished-at="2021-06-03T03:48:48Z" duration-ms="65">
    <groups>
    </groups>
    <test started-at="2021-06-03T03:48:48Z" name="Default test" finished-at="2021-06-03T03:48:48Z" duration-ms="65">
      <class name="Test.Mavenjava.RestAPI">
        <test-method signature="deleteTwitter()[pri:0, instance:Test.Mavenjava.RestAPI@6283d8b8]" started-at="2021-06-03T03:48:48Z" name="deleteTwitter" finished-at="2021-06-03T03:48:48Z" duration-ms="17" status="PASS">
          <reporter-output>
          </reporter-output>
        </test-method> <!-- deleteTwitter -->
        <test-method signature="postJIRA()[pri:0, instance:Test.Mavenjava.RestAPI@6283d8b8]" started-at="2021-06-03T03:48:48Z" name="postJIRA" finished-at="2021-06-03T03:48:48Z" duration-ms="2" status="PASS">
          <reporter-output>
          </reporter-output>
        </test-method> <!-- postJIRA -->
      </class> <!-- Test.Mavenjava.RestAPI -->
    </test> <!-- Default test -->
  </suite> <!-- Default suite -->
</testng-results>
